#
# There is insufficient memory for the Java Runtime Environment to continue.
# Native memory allocation (mmap) failed to map 264241152 bytes. Error detail: G1 virtual space
# Possible reasons:
#   The system is out of physical RAM or swap space
#   This process is running with CompressedOops enabled, and the Java Heap may be blocking the growth of the native heap
# Possible solutions:
#   Reduce memory load on the system
#   Increase physical memory or swap space
#   Check if swap backing store is full
#   Decrease Java heap size (-Xmx/-Xms)
#   Decrease number of Java threads
#   Decrease Java thread stack sizes (-Xss)
#   Set larger code cache with -XX:ReservedCodeCacheSize=
#   JVM is running with Zero Based Compressed Oops mode in which the Java heap is
#     placed in the first 32GB address space. The Java Heap base address is the
#     maximum limit for the native heap growth. Please use -XX:HeapBaseMinAddress
#     to set the Java Heap base and to place the Java Heap above 32GB virtual address.
# This output file may be truncated or incomplete.
#
#  Out of Memory Error (os_windows.cpp:3825), pid=22852, tid=312
#
# JRE version:  (17.0.11) (build )
# Java VM: OpenJDK 64-Bit Server VM (17.0.11+0--11852314, mixed mode, sharing, tiered, compressed oops, compressed class ptrs, g1 gc, windows-amd64)
# No core dump will be written. Minidumps are not enabled by default on client versions of Windows
#

---------------  S U M M A R Y ------------

Command Line: 

Host: 12th Gen Intel(R) Core(TM) i3-1215U, 8 cores, 15G,  Windows 11 , 64 bit Build 22621 (10.0.22621.3672)
Time: Fri Jul 26 09:14:22 2024  Windows 11 , 64 bit Build 22621 (10.0.22621.3672) elapsed time: 0.010013 seconds (0d 0h 0m 0s)

---------------  T H R E A D  ---------------

Current thread (0x00000217aebfcf70):  JavaThread "Unknown thread" [_thread_in_vm, id=312, stack(0x0000008658300000,0x0000008658400000)]

Stack: [0x0000008658300000,0x0000008658400000]
Native frames: (J=compiled Java code, j=interpreted, Vv=VM code, C=native code)
V  [jvm.dll+0x687bb9]
V  [jvm.dll+0x84142a]
V  [jvm.dll+0x8430ae]
V  [jvm.dll+0x843713]
V  [jvm.dll+0x24a35f]
V  [jvm.dll+0x684989]
V  [jvm.dll+0x67923a]
V  [jvm.dll+0x30af0b]
V  [jvm.dll+0x3123b6]
V  [jvm.dll+0x361dfe]
V  [jvm.dll+0x36202f]
V  [jvm.dll+0x2e0d38]
V  [jvm.dll+0x2e1ca4]
V  [jvm.dll+0x811f21]
V  [jvm.dll+0x36fb68]
V  [jvm.dll+0x7f0896]
V  [jvm.dll+0x3f3d2f]
V  [jvm.dll+0x3f58e1]
C  [jli.dll+0x528f]
C  [ucrtbase.dll+0x29333]
C  [KERNEL32.DLL+0x1257d]
C  [ntdll.dll+0x5af28]


---------------  P R O C E S S  ---------------

Threads class SMR info:
_java_thread_list=0x00007ff95651efd8, length=0, elements={
}

Java Threads: ( => current thread )

Other Threads:
  0x00000217b0e86f10 GCTaskThread "GC Thread#0" [stack: 0x0000008658400000,0x0000008658500000] [id=13132]
  0x00000217b0e97a20 ConcurrentGCThread "G1 Main Marker" [stack: 0x0000008658500000,0x0000008658600000] [id=7956]
  0x00000217b0e98be0 ConcurrentGCThread "G1 Conc#0" [stack: 0x0000008658600000,0x0000008658700000] [id=16332]

[error occurred during error reporting (printing all threads), id 0xc0000005, EXCEPTION_ACCESS_VIOLATION (0xc0000005) at pc=0x00007ff955cd1907]

VM state: not at safepoint (not fully initialized)

VM Mutex/Monitor currently owned by a thread:  ([mutex/lock_event])
[0x00000217b0e1cb30] Heap_lock - owner thread: 0x00000217aebfcf70

Heap address: 0x0000000704400000, size: 4028 MB, Compressed Oops mode: Zero based, Oop shift amount: 3

CDS archive(s) mapped at: [0x0000000000000000-0x0000000000000000-0x0000000000000000), size 0, SharedBaseAddress: 0x0000000800000000, ArchiveRelocationMode: 1.
Narrow klass base: 0x0000000000000000, Narrow klass shift: 0, Narrow klass range: 0x0

GC Precious Log:
<Empty>

Heap:
 garbage-first heap   total 0K, used 0K [0x0000000704400000, 0x0000000800000000)
  region size 2048K, 0 young (0K), 0 survivors (0K)
 Metaspace       used 0K, committed 0K, reserved 0K
  class space    used 0K, committed 0K, reserved 0K

Heap Regions: E=young(eden), S=young(survivor), O=old, HS=humongous(starts), HC=humongous(continues), CS=collection set, F=free, OA=open archive, CA=closed archive, TAMS=top-at-mark-start (previous, next)

Card table byte_map: [0x00000217c3e00000,0x00000217c45e0000] _byte_map_base: 0x00000217c05de000

Marking Bits (Prev, Next): (CMBitMap*) 0x00000217b0e87530, (CMBitMap*) 0x00000217b0e87570
 Prev Bits: [0x00000217c4dc0000, 0x00000217c8cb0000)
 Next Bits: [0x00000217c8cb0000, 0x00000217ccba0000)

GC Heap History (0 events):
No events

Dll operation events (1 events):
Event: 0.007 Loaded shared library C:\Program Files\Android\Android Studio\jbr\bin\java.dll

Deoptimization events (0 events):
No events

Classes unloaded (0 events):
No events

Classes redefined (0 events):
No events

Internal exceptions (0 events):
No events

VM Operations (0 events):
No events

Events (0 events):
No events


Dynamic libraries:
0x00007ff798900000 - 0x00007ff79890a000 	C:\Program Files\Android\Android Studio\jbr\bin\java.EXE
0x00007ff9d4e70000 - 0x00007ff9d5087000 	C:\WINDOWS\SYSTEM32\ntdll.dll
0x00007ff9d40e0000 - 0x00007ff9d41a4000 	C:\WINDOWS\System32\KERNEL32.DLL
0x00007ff9d2780000 - 0x00007ff9d2b2d000 	C:\WINDOWS\System32\KERNELBASE.dll
0x00007ff9d2660000 - 0x00007ff9d2771000 	C:\WINDOWS\System32\ucrtbase.dll
0x00007ff9bc990000 - 0x00007ff9bc9ab000 	C:\Program Files\Android\Android Studio\jbr\bin\VCRUNTIME140.dll
0x00007ff9baf10000 - 0x00007ff9baf27000 	C:\Program Files\Android\Android Studio\jbr\bin\jli.dll
0x00007ff9d2bb0000 - 0x00007ff9d2d5e000 	C:\WINDOWS\System32\USER32.dll
0x00007ff9d2630000 - 0x00007ff9d2656000 	C:\WINDOWS\System32\win32u.dll
0x00007ff9d3a00000 - 0x00007ff9d3a29000 	C:\WINDOWS\System32\GDI32.dll
0x00007ff9d2470000 - 0x00007ff9d2589000 	C:\WINDOWS\System32\gdi32full.dll
0x00007ff98c220000 - 0x00007ff98c4b3000 	C:\WINDOWS\WinSxS\amd64_microsoft.windows.common-controls_6595b64144ccf1df_6.0.22621.3672_none_2713b9d173822955\COMCTL32.dll
0x00007ff9d2590000 - 0x00007ff9d262a000 	C:\WINDOWS\System32\msvcp_win.dll
0x00007ff9d45a0000 - 0x00007ff9d4647000 	C:\WINDOWS\System32\msvcrt.dll
0x00007ff9d4560000 - 0x00007ff9d4591000 	C:\WINDOWS\System32\IMM32.DLL
0x00007ff9bcb00000 - 0x00007ff9bcb0c000 	C:\Program Files\Android\Android Studio\jbr\bin\vcruntime140_1.dll
0x00007ff9afbb0000 - 0x00007ff9afc3d000 	C:\Program Files\Android\Android Studio\jbr\bin\msvcp140.dll
0x00007ff9559e0000 - 0x00007ff956663000 	C:\Program Files\Android\Android Studio\jbr\bin\server\jvm.dll
0x00007ff9d3a90000 - 0x00007ff9d3b42000 	C:\WINDOWS\System32\ADVAPI32.dll
0x00007ff9d3d20000 - 0x00007ff9d3dc9000 	C:\WINDOWS\System32\sechost.dll
0x00007ff9d2380000 - 0x00007ff9d23a8000 	C:\WINDOWS\System32\bcrypt.dll
0x00007ff9d47b0000 - 0x00007ff9d48c4000 	C:\WINDOWS\System32\RPCRT4.dll
0x00007ff9ba060000 - 0x00007ff9ba069000 	C:\WINDOWS\SYSTEM32\WSOCK32.dll
0x00007ff9d2d70000 - 0x00007ff9d2de1000 	C:\WINDOWS\System32\WS2_32.dll
0x00007ff9d2060000 - 0x00007ff9d20ad000 	C:\WINDOWS\SYSTEM32\POWRPROF.dll
0x00007ff9ccb90000 - 0x00007ff9ccb9a000 	C:\WINDOWS\SYSTEM32\VERSION.dll
0x00007ff9c9610000 - 0x00007ff9c9644000 	C:\WINDOWS\SYSTEM32\WINMM.dll
0x00007ff9d2040000 - 0x00007ff9d2053000 	C:\WINDOWS\SYSTEM32\UMPDC.dll
0x00007ff9d11d0000 - 0x00007ff9d11e8000 	C:\WINDOWS\SYSTEM32\kernel.appcore.dll
0x00007ff9bca00000 - 0x00007ff9bca0a000 	C:\Program Files\Android\Android Studio\jbr\bin\jimage.dll
0x00007ff9cf830000 - 0x00007ff9cfa62000 	C:\WINDOWS\SYSTEM32\DBGHELP.DLL
0x00007ff9d41d0000 - 0x00007ff9d4558000 	C:\WINDOWS\System32\combase.dll
0x00007ff9d4d50000 - 0x00007ff9d4e27000 	C:\WINDOWS\System32\OLEAUT32.dll
0x00007ff9c2530000 - 0x00007ff9c2562000 	C:\WINDOWS\SYSTEM32\dbgcore.DLL
0x00007ff9d2b30000 - 0x00007ff9d2bab000 	C:\WINDOWS\System32\bcryptPrimitives.dll
0x00007ff9ba7a0000 - 0x00007ff9ba7c5000 	C:\Program Files\Android\Android Studio\jbr\bin\java.dll

dbghelp: loaded successfully - version: 4.0.5 - missing functions: none
symbol engine: initialized successfully - sym options: 0x614 - pdb path: .;C:\Program Files\Android\Android Studio\jbr\bin;C:\WINDOWS\SYSTEM32;C:\WINDOWS\WinSxS\amd64_microsoft.windows.common-controls_6595b64144ccf1df_6.0.22621.3672_none_2713b9d173822955;C:\Program Files\Android\Android Studio\jbr\bin\server

VM Arguments:
java_command: <unknown>
java_class_path (initial): <not set>
Launcher Type: SUN_STANDARD

[Global flags]
     intx CICompilerCount                          = 4                                         {product} {ergonomic}
     uint ConcGCThreads                            = 2                                         {product} {ergonomic}
     uint G1ConcRefinementThreads                  = 8                                         {product} {ergonomic}
   size_t G1HeapRegionSize                         = 2097152                                   {product} {ergonomic}
    uintx GCDrainStackTargetSize                   = 64                                        {product} {ergonomic}
   size_t InitialHeapSize                          = 264241152                                 {product} {ergonomic}
   size_t MarkStackSize                            = 4194304                                   {product} {ergonomic}
   size_t MaxHeapSize                              = 4223664128                                {product} {ergonomic}
   size_t MinHeapDeltaBytes                        = 2097152                                   {product} {ergonomic}
   size_t MinHeapSize                              = 8388608                                   {product} {ergonomic}
    uintx NonNMethodCodeHeapSize                   = 5839372                                {pd product} {ergonomic}
    uintx NonProfiledCodeHeapSize                  = 122909434                              {pd product} {ergonomic}
    uintx ProfiledCodeHeapSize                     = 122909434                              {pd product} {ergonomic}
    uintx ReservedCodeCacheSize                    = 251658240                              {pd product} {ergonomic}
     bool SegmentedCodeCache                       = true                                      {product} {ergonomic}
   size_t SoftMaxHeapSize                          = 4223664128                             {manageable} {ergonomic}
     bool UseCompressedClassPointers               = true                           {product lp64_product} {ergonomic}
     bool UseCompressedOops                        = true                           {product lp64_product} {ergonomic}
     bool UseG1GC                                  = true                                      {product} {ergonomic}
     bool UseLargePagesIndividualAllocation        = false                                  {pd product} {ergonomic}

Logging:
Log output configuration:
 #0: stdout all=warning uptime,level,tags
 #1: stderr all=off uptime,level,tags

Environment Variables:
JAVA_HOME=C:\Program Files\Android\Android Studio\jbr\bin\
PATH=C:\WINDOWS\system32;C:\WINDOWS;C:\WINDOWS\System32\Wbem;C:\WINDOWS\System32\WindowsPowerShell\v1.0\;C:\WINDOWS\System32\OpenSSH\;C:\Program Files\dotnet\;C:\Program Files (x86)\Windows Kits\10\Windows Performance Toolkit\;C:\Program Files\nodejs\;C:\Program Files\Git\cmd;C:\Users\skvorcov.v\AppData\Local\Microsoft\WindowsApps;C:\Users\skvorcov.v\AppData\Local\Programs\Microsoft VS Code\bin;C:\Users\skvorcov.v\.dotnet\tools;C:\Users\skvorcov.v\AppData\Roaming\npm;
USERNAME=skvorcov.v
OS=Windows_NT
PROCESSOR_IDENTIFIER=Intel64 Family 6 Model 154 Stepping 4, GenuineIntel
TMP=C:\Users\skvorcov.v\AppData\Local\Temp
TEMP=C:\Users\skvorcov.v\AppData\Local\Temp



Periodic native trim disabled

JNI global refs:
JNI global refs: 0, weak refs: 0

JNI global refs memory usage: 0, weak refs: 0

Process memory usage:
Resident Set Size: 11836K (0% of 16495096K total physical memory with 680012K free physical memory)

OOME stack traces (most recent first):
Classloader memory used:


---------------  S Y S T E M  ---------------

OS:
 Windows 11 , 64 bit Build 22621 (10.0.22621.3672)
OS uptime: 3 days 22:04 hours

CPU: total 8 (initial active 8) (4 cores per cpu, 2 threads per core) family 6 model 154 stepping 4 microcode 0x424, cx8, cmov, fxsr, ht, mmx, 3dnowpref, sse, sse2, sse3, ssse3, sse4.1, sse4.2, popcnt, lzcnt, tsc, tscinvbit, avx, avx2, aes, erms, clmul, bmi1, bmi2, adx, sha, fma, vzeroupper, clflush, clflushopt, clwb
Processor Information for processor 0
  Max Mhz: 1200, Current Mhz: 1200, Mhz Limit: 1200
Processor Information for processor 1
  Max Mhz: 1200, Current Mhz: 1200, Mhz Limit: 1200
Processor Information for processor 2
  Max Mhz: 1200, Current Mhz: 1200, Mhz Limit: 1200
Processor Information for processor 3
  Max Mhz: 1200, Current Mhz: 1200, Mhz Limit: 1200
Processor Information for processor 4
  Max Mhz: 900, Current Mhz: 900, Mhz Limit: 900
Processor Information for processor 5
  Max Mhz: 900, Current Mhz: 900, Mhz Limit: 900
Processor Information for processor 6
  Max Mhz: 900, Current Mhz: 900, Mhz Limit: 900
Processor Information for processor 7
  Max Mhz: 900, Current Mhz: 900, Mhz Limit: 900

Memory: 4k page, system-wide physical 16108M (664M free)
TotalPageFile size 24300M (AvailPageFile size 72M)
current process WorkingSet (physical memory assigned to process): 11M, peak: 11M
current process commit charge ("private bytes"): 60M, peak: 312M

vm_info: OpenJDK 64-Bit Server VM (17.0.11+0--11852314) for windows-amd64 JRE (17.0.11+0--11852314), built on May 16 2024 21:29:20 by "androidbuild" with MS VC++ 16.10 / 16.11 (VS2019)

END.
