#
# There is insufficient memory for the Java Runtime Environment to continue.
# Native memory allocation (mmap) failed to map 264241152 bytes. Error detail: G1 virtual space
# Possible reasons:
#   The system is out of physical RAM or swap space
#   This process is running with CompressedOops enabled, and the Java Heap may be blocking the growth of the native heap
# Possible solutions:
#   Reduce memory load on the system
#   Increase physical memory or swap space
#   Check if swap backing store is full
#   Decrease Java heap size (-Xmx/-Xms)
#   Decrease number of Java threads
#   Decrease Java thread stack sizes (-Xss)
#   Set larger code cache with -XX:ReservedCodeCacheSize=
#   JVM is running with Zero Based Compressed Oops mode in which the Java heap is
#     placed in the first 32GB address space. The Java Heap base address is the
#     maximum limit for the native heap growth. Please use -XX:HeapBaseMinAddress
#     to set the Java Heap base and to place the Java Heap above 32GB virtual address.
# This output file may be truncated or incomplete.
#
#  Out of Memory Error (os_windows.cpp:3825), pid=19584, tid=9232
#
# JRE version:  (17.0.11) (build )
# Java VM: OpenJDK 64-Bit Server VM (17.0.11+0--11852314, mixed mode, sharing, tiered, compressed oops, compressed class ptrs, g1 gc, windows-amd64)
# No core dump will be written. Minidumps are not enabled by default on client versions of Windows
#

---------------  S U M M A R Y ------------

Command Line: -Dorg.gradle.appname=gradlew org.gradle.wrapper.GradleWrapperMain -q -Ptarget-platform=android-x64 -Ptarget=D:\Flutter\projects\IODesk\lib\main.dart -Pbase-application-name=android.app.Application -Pdart-obfuscation=false -Ptrack-widget-creation=true -Ptree-shake-icons=false -Pfilesystem-scheme=org-dartlang-root assembleDebug

Host: 12th Gen Intel(R) Core(TM) i3-1215U, 8 cores, 15G,  Windows 11 , 64 bit Build 22621 (10.0.22621.3958)
Time: Mon Oct 21 15:55:46 2024  Windows 11 , 64 bit Build 22621 (10.0.22621.3958) elapsed time: 0.008654 seconds (0d 0h 0m 0s)

---------------  T H R E A D  ---------------

Current thread (0x000002062f2643b0):  JavaThread "Unknown thread" [_thread_in_vm, id=9232, stack(0x00000056aea00000,0x00000056aeb00000)]

Stack: [0x00000056aea00000,0x00000056aeb00000]
Native frames: (J=compiled Java code, j=interpreted, Vv=VM code, C=native code)
V  [jvm.dll+0x687bb9]
V  [jvm.dll+0x84142a]
V  [jvm.dll+0x8430ae]
V  [jvm.dll+0x843713]
V  [jvm.dll+0x24a35f]
V  [jvm.dll+0x684989]
V  [jvm.dll+0x67923a]
V  [jvm.dll+0x30af0b]
V  [jvm.dll+0x3123b6]
V  [jvm.dll+0x361dfe]
V  [jvm.dll+0x36202f]
V  [jvm.dll+0x2e0d38]
V  [jvm.dll+0x2e1ca4]
V  [jvm.dll+0x811f21]
V  [jvm.dll+0x36fb68]
V  [jvm.dll+0x7f0896]
V  [jvm.dll+0x3f3d2f]
V  [jvm.dll+0x3f58e1]
C  [jli.dll+0x528f]
C  [ucrtbase.dll+0x29333]
C  [KERNEL32.DLL+0x1257d]
C  [ntdll.dll+0x5af08]


---------------  P R O C E S S  ---------------

Threads class SMR info:
_java_thread_list=0x00007ffa2a5fefd8, length=0, elements={
}

Java Threads: ( => current thread )

Other Threads:
  0x000002062f2cd2e0 GCTaskThread "GC Thread#0" [stack: 0x00000056aeb00000,0x00000056aec00000] [id=19700]
  0x000002062f2de510 ConcurrentGCThread "G1 Main Marker" [stack: 0x00000056aec00000,0x00000056aed00000] [id=20796]
  0x000002062f2dee40 ConcurrentGCThread "G1 Conc#0" [stack: 0x00000056aed00000,0x00000056aee00000] [id=21308]

[error occurred during error reporting (printing all threads), id 0xc0000005, EXCEPTION_ACCESS_VIOLATION (0xc0000005) at pc=0x00007ffa29db1907]

VM state: not at safepoint (not fully initialized)

VM Mutex/Monitor currently owned by a thread:  ([mutex/lock_event])
[0x000002062f2624e0] Heap_lock - owner thread: 0x000002062f2643b0

Heap address: 0x0000000704400000, size: 4028 MB, Compressed Oops mode: Zero based, Oop shift amount: 3

CDS archive(s) mapped at: [0x0000000000000000-0x0000000000000000-0x0000000000000000), size 0, SharedBaseAddress: 0x0000000800000000, ArchiveRelocationMode: 1.
Narrow klass base: 0x0000000000000000, Narrow klass shift: 0, Narrow klass range: 0x0

GC Precious Log:
<Empty>

Heap:
 garbage-first heap   total 0K, used 0K [0x0000000704400000, 0x0000000800000000)
  region size 2048K, 0 young (0K), 0 survivors (0K)
 Metaspace       used 0K, committed 0K, reserved 0K
  class space    used 0K, committed 0K, reserved 0K

Heap Regions: E=young(eden), S=young(survivor), O=old, HS=humongous(starts), HC=humongous(continues), CS=collection set, F=free, OA=open archive, CA=closed archive, TAMS=top-at-mark-start (previous, next)

Card table byte_map: [0x0000020642240000,0x0000020642a20000] _byte_map_base: 0x000002063ea1e000

Marking Bits (Prev, Next): (CMBitMap*) 0x000002062f2cd810, (CMBitMap*) 0x000002062f2cd850
 Prev Bits: [0x0000020643200000, 0x00000206470f0000)
 Next Bits: [0x00000206470f0000, 0x000002064afe0000)

GC Heap History (0 events):
No events

Dll operation events (1 events):
Event: 0.006 Loaded shared library C:\Program Files\Android\Android Studio\jbr\bin\java.dll

Deoptimization events (0 events):
No events

Classes unloaded (0 events):
No events

Classes redefined (0 events):
No events

Internal exceptions (0 events):
No events

VM Operations (0 events):
No events

Events (0 events):
No events


Dynamic libraries:
0x00007ff6b4cf0000 - 0x00007ff6b4cfa000 	C:\Program Files\Android\Android Studio\jbr\bin\java.exe
0x00007ffadf990000 - 0x00007ffadfba7000 	C:\WINDOWS\SYSTEM32\ntdll.dll
0x00007ffaded40000 - 0x00007ffadee04000 	C:\WINDOWS\System32\KERNEL32.DLL
0x00007ffadd1e0000 - 0x00007ffadd597000 	C:\WINDOWS\System32\KERNELBASE.dll
0x00007ffadcd70000 - 0x00007ffadce81000 	C:\WINDOWS\System32\ucrtbase.dll
0x00007ffa99070000 - 0x00007ffa9908b000 	C:\Program Files\Android\Android Studio\jbr\bin\VCRUNTIME140.dll
0x00007ffa99090000 - 0x00007ffa990a7000 	C:\Program Files\Android\Android Studio\jbr\bin\jli.dll
0x00007ffadd960000 - 0x00007ffaddb0f000 	C:\WINDOWS\System32\USER32.dll
0x00007ffadcca0000 - 0x00007ffadccc6000 	C:\WINDOWS\System32\win32u.dll
0x00007ffa9c9f0000 - 0x00007ffa9cc83000 	C:\WINDOWS\WinSxS\amd64_microsoft.windows.common-controls_6595b64144ccf1df_6.0.22621.3672_none_2713b9d173822955\COMCTL32.dll
0x00007ffadea40000 - 0x00007ffadea69000 	C:\WINDOWS\System32\GDI32.dll
0x00007ffadebd0000 - 0x00007ffadec77000 	C:\WINDOWS\System32\msvcrt.dll
0x00007ffadd0c0000 - 0x00007ffadd1d8000 	C:\WINDOWS\System32\gdi32full.dll
0x00007ffadccd0000 - 0x00007ffadcd6a000 	C:\WINDOWS\System32\msvcp_win.dll
0x00007ffadf470000 - 0x00007ffadf4a1000 	C:\WINDOWS\System32\IMM32.DLL
0x00007ffa99060000 - 0x00007ffa9906c000 	C:\Program Files\Android\Android Studio\jbr\bin\vcruntime140_1.dll
0x00007ffa98fd0000 - 0x00007ffa9905d000 	C:\Program Files\Android\Android Studio\jbr\bin\msvcp140.dll
0x00007ffa29ac0000 - 0x00007ffa2a743000 	C:\Program Files\Android\Android Studio\jbr\bin\server\jvm.dll
0x00007ffadf890000 - 0x00007ffadf942000 	C:\WINDOWS\System32\ADVAPI32.dll
0x00007ffadec80000 - 0x00007ffaded28000 	C:\WINDOWS\System32\sechost.dll
0x00007ffadd690000 - 0x00007ffadd6b8000 	C:\WINDOWS\System32\bcrypt.dll
0x00007ffade590000 - 0x00007ffade6a4000 	C:\WINDOWS\System32\RPCRT4.dll
0x00007ffabdc00000 - 0x00007ffabdc09000 	C:\WINDOWS\SYSTEM32\WSOCK32.dll
0x00007ffadcb70000 - 0x00007ffadcbbd000 	C:\WINDOWS\SYSTEM32\POWRPROF.dll
0x00007ffad3310000 - 0x00007ffad3344000 	C:\WINDOWS\SYSTEM32\WINMM.dll
0x00007ffadee10000 - 0x00007ffadee81000 	C:\WINDOWS\System32\WS2_32.dll
0x00007ffacdf90000 - 0x00007ffacdf9a000 	C:\WINDOWS\SYSTEM32\VERSION.dll
0x00007ffadcb50000 - 0x00007ffadcb63000 	C:\WINDOWS\SYSTEM32\UMPDC.dll
0x00007ffadbcf0000 - 0x00007ffadbd08000 	C:\WINDOWS\SYSTEM32\kernel.appcore.dll
0x00007ffa98fc0000 - 0x00007ffa98fca000 	C:\Program Files\Android\Android Studio\jbr\bin\jimage.dll
0x00007ffada370000 - 0x00007ffada5a2000 	C:\WINDOWS\SYSTEM32\DBGHELP.DLL
0x00007ffade6b0000 - 0x00007ffadea3e000 	C:\WINDOWS\System32\combase.dll
0x00007ffadef10000 - 0x00007ffadefe7000 	C:\WINDOWS\System32\OLEAUT32.dll
0x00007ffac1810000 - 0x00007ffac1842000 	C:\WINDOWS\SYSTEM32\dbgcore.DLL
0x00007ffadd610000 - 0x00007ffadd68b000 	C:\WINDOWS\System32\bcryptPrimitives.dll
0x00007ffa98f90000 - 0x00007ffa98fb5000 	C:\Program Files\Android\Android Studio\jbr\bin\java.dll

dbghelp: loaded successfully - version: 4.0.5 - missing functions: none
symbol engine: initialized successfully - sym options: 0x614 - pdb path: .;C:\Program Files\Android\Android Studio\jbr\bin;C:\WINDOWS\SYSTEM32;C:\WINDOWS\WinSxS\amd64_microsoft.windows.common-controls_6595b64144ccf1df_6.0.22621.3672_none_2713b9d173822955;C:\Program Files\Android\Android Studio\jbr\bin\server

VM Arguments:
jvm_args: -Dorg.gradle.appname=gradlew 
java_command: org.gradle.wrapper.GradleWrapperMain -q -Ptarget-platform=android-x64 -Ptarget=D:\Flutter\projects\IODesk\lib\main.dart -Pbase-application-name=android.app.Application -Pdart-obfuscation=false -Ptrack-widget-creation=true -Ptree-shake-icons=false -Pfilesystem-scheme=org-dartlang-root assembleDebug
java_class_path (initial): D:\Flutter\projects\IODesk\android\\gradle\wrapper\gradle-wrapper.jar
Launcher Type: SUN_STANDARD

[Global flags]
     intx CICompilerCount                          = 4                                         {product} {ergonomic}
     uint ConcGCThreads                            = 2                                         {product} {ergonomic}
     uint G1ConcRefinementThreads                  = 8                                         {product} {ergonomic}
   size_t G1HeapRegionSize                         = 2097152                                   {product} {ergonomic}
    uintx GCDrainStackTargetSize                   = 64                                        {product} {ergonomic}
   size_t InitialHeapSize                          = 264241152                                 {product} {ergonomic}
   size_t MarkStackSize                            = 4194304                                   {product} {ergonomic}
   size_t MaxHeapSize                              = 4223664128                                {product} {ergonomic}
   size_t MinHeapDeltaBytes                        = 2097152                                   {product} {ergonomic}
   size_t MinHeapSize                              = 8388608                                   {product} {ergonomic}
    uintx NonNMethodCodeHeapSize                   = 5839372                                {pd product} {ergonomic}
    uintx NonProfiledCodeHeapSize                  = 122909434                              {pd product} {ergonomic}
    uintx ProfiledCodeHeapSize                     = 122909434                              {pd product} {ergonomic}
    uintx ReservedCodeCacheSize                    = 251658240                              {pd product} {ergonomic}
     bool SegmentedCodeCache                       = true                                      {product} {ergonomic}
   size_t SoftMaxHeapSize                          = 4223664128                             {manageable} {ergonomic}
     bool UseCompressedClassPointers               = true                           {product lp64_product} {ergonomic}
     bool UseCompressedOops                        = true                           {product lp64_product} {ergonomic}
     bool UseG1GC                                  = true                                      {product} {ergonomic}
     bool UseLargePagesIndividualAllocation        = false                                  {pd product} {ergonomic}

Logging:
Log output configuration:
 #0: stdout all=warning uptime,level,tags
 #1: stderr all=off uptime,level,tags

Environment Variables:
JAVA_HOME=C:\Program Files\Android\Android Studio\jbr
CLASSPATH=D:\Flutter\projects\IODesk\android\\gradle\wrapper\gradle-wrapper.jar
PATH=C:\Program Files\Android\Android Studio\jbr\bin;C:\WINDOWS\system32;C:\WINDOWS;C:\WINDOWS\System32\Wbem;C:\WINDOWS\System32\WindowsPowerShell\v1.0\;C:\WINDOWS\System32\OpenSSH\;C:\Program Files\dotnet\;C:\Program Files (x86)\Windows Kits\10\Windows Performance Toolkit\;C:\Program Files\nodejs\;C:\Program Files\Git\cmd;C:\Users\skvorcov.v\AppData\Local\Microsoft\WindowsApps;C:\Users\skvorcov.v\AppData\Local\Programs\Microsoft VS Code\bin;C:\Users\skvorcov.v\.dotnet\tools;C:\Users\skvorcov.v\AppData\Roaming\npm;C:\Users\skvorcov.v\AppData\Local\GitHubDesktop\bin
USERNAME=skvorcov.v
OS=Windows_NT
PROCESSOR_IDENTIFIER=Intel64 Family 6 Model 154 Stepping 4, GenuineIntel
TMP=C:\Users\skvorcov.v\AppData\Local\Temp
TEMP=C:\Users\skvorcov.v\AppData\Local\Temp



Periodic native trim disabled

JNI global refs:
JNI global refs: 0, weak refs: 0

JNI global refs memory usage: 0, weak refs: 0

Process memory usage:
Resident Set Size: 11848K (0% of 16495096K total physical memory with 393644K free physical memory)

OOME stack traces (most recent first):
Classloader memory used:


---------------  S Y S T E M  ---------------

OS:
 Windows 11 , 64 bit Build 22621 (10.0.22621.3958)
OS uptime: 0 days 21:07 hours

CPU: total 8 (initial active 8) (4 cores per cpu, 2 threads per core) family 6 model 154 stepping 4 microcode 0x424, cx8, cmov, fxsr, ht, mmx, 3dnowpref, sse, sse2, sse3, ssse3, sse4.1, sse4.2, popcnt, lzcnt, tsc, tscinvbit, avx, avx2, aes, erms, clmul, bmi1, bmi2, adx, sha, fma, vzeroupper, clflush, clflushopt, clwb
Processor Information for processor 0
  Max Mhz: 1200, Current Mhz: 1200, Mhz Limit: 1200
Processor Information for processor 1
  Max Mhz: 1200, Current Mhz: 1200, Mhz Limit: 1200
Processor Information for processor 2
  Max Mhz: 1200, Current Mhz: 1200, Mhz Limit: 1200
Processor Information for processor 3
  Max Mhz: 1200, Current Mhz: 1200, Mhz Limit: 1200
Processor Information for processor 4
  Max Mhz: 900, Current Mhz: 900, Mhz Limit: 900
Processor Information for processor 5
  Max Mhz: 900, Current Mhz: 900, Mhz Limit: 900
Processor Information for processor 6
  Max Mhz: 900, Current Mhz: 900, Mhz Limit: 900
Processor Information for processor 7
  Max Mhz: 900, Current Mhz: 900, Mhz Limit: 900

Memory: 4k page, system-wide physical 16108M (386M free)
TotalPageFile size 24300M (AvailPageFile size 200M)
current process WorkingSet (physical memory assigned to process): 11M, peak: 11M
current process commit charge ("private bytes"): 60M, peak: 312M

vm_info: OpenJDK 64-Bit Server VM (17.0.11+0--11852314) for windows-amd64 JRE (17.0.11+0--11852314), built on May 16 2024 21:29:20 by "androidbuild" with MS VC++ 16.10 / 16.11 (VS2019)

END.
